<?xml version="1.0" encoding="UTF-8"?>
<testsuite name="ru.nsu.fit.karaseva.stack.Tests" tests="6" skipped="0" failures="0" errors="0" timestamp="2019-11-21T13:04:38" hostname="DESKTOP-5CS3CQP" time="0.091">
  <properties/>
  <testcase name="test1" classname="ru.nsu.fit.karaseva.stack.Tests" time="0.009"/>
  <testcase name="test2" classname="ru.nsu.fit.karaseva.stack.Tests" time="0.009"/>
  <testcase name="test3" classname="ru.nsu.fit.karaseva.stack.Tests" time="0.002"/>
  <testcase name="test4" classname="ru.nsu.fit.karaseva.stack.Tests" time="0.001"/>
  <testcase name="test5" classname="ru.nsu.fit.karaseva.stack.Tests" time="0.0"/>
  <testcase name="test6" classname="ru.nsu.fit.karaseva.stack.Tests" time="0.066"/>
  <system-out><![CDATA[]]></system-out>
  <system-err><![CDATA[]]></system-err>
</testsuite>
